<?xml version="1.0" encoding="UTF-8"?>
<!-- Generated by org.testng.reporters.JUnitReportReporter -->
<testsuite hostname="LAPTOP-JQ4BDR17" failures="0" tests="1" name="scenarioExecution.ACDScenarioExecution" time="309.790" errors="0" timestamp="2022-04-14T23:02:48 IST" skipped="0">
  <testcase classname="scenarioExecution.ACDScenarioExecution" name="myAcheckBulkInvite" time="309.790"/>
  <system-out/>
</testsuite> <!-- scenarioExecution.ACDScenarioExecution -->
