<?xml version="1.0" encoding="UTF-8"?>
<!-- Generated by org.testng.reporters.JUnitReportReporter -->
<testsuite hostname="LAPTOP-E01HO7SE" failures="0" tests="9" name="acd.TestScript" time="2257.669" errors="0" timestamp="2022-03-18T13:24:03 IST" skipped="0">
  <testcase classname="acd.TestScript" name="ACDQuicklinks" time="269.823"/>
  <system-out/>
  <testcase classname="acd.TestScript" name="SearchRequest" time="416.005"/>
  <system-out/>
  <testcase classname="acd.TestScript" name="basicDetail" time="240.394"/>
  <system-out/>
  <testcase classname="acd.TestScript" name="addReport" time="72.588"/>
  <system-out/>
  <testcase classname="acd.TestScript" name="docUpload" time="368.327"/>
  <system-out/>
  <testcase classname="acd.TestScript" name="FileInfo" time="207.579"/>
  <system-out/>
  <testcase classname="acd.TestScript" name="Actions" time="258.994"/>
  <system-out/>
  <testcase classname="acd.TestScript" name="OfflineReports" time="234.962"/>
  <system-out/>
  <testcase classname="acd.TestScript" name="FileAdjud_FCRA" time="188.997"/>
  <system-out/>
</testsuite> <!-- acd.TestScript -->
