<?xml version="1.0" encoding="UTF-8"?>
<!-- Generated by org.testng.reporters.JUnitReportReporter -->
<testsuite hostname="LAPTOP-E01HO7SE" failures="0" tests="7" name="acd.TestScript" time="1905.319" errors="0" timestamp="2022-03-15T18:40:05 IST" skipped="0">
  <testcase classname="acd.TestScript" name="ACDQuicklinks" time="275.379"/>
  <system-out/>
  <testcase classname="acd.TestScript" name="SearchRequest" time="449.103"/>
  <system-out/>
  <testcase classname="acd.TestScript" name="basicDetail" time="232.573"/>
  <system-out/>
  <testcase classname="acd.TestScript" name="addReport" time="86.881"/>
  <system-out/>
  <testcase classname="acd.TestScript" name="docUpload" time="384.897"/>
  <system-out/>
  <testcase classname="acd.TestScript" name="FileInfo" time="204.762"/>
  <system-out/>
  <testcase classname="acd.TestScript" name="Actions" time="271.724"/>
  <system-out/>
</testsuite> <!-- acd.TestScript -->
