<?xml version="1.0" encoding="UTF-8"?>
<!-- Generated by org.testng.reporters.JUnitReportReporter -->
<testsuite hostname="LAPTOP-E01HO7SE" failures="0" tests="9" name="acd.TestScript" time="2589.407" errors="0" timestamp="2022-03-25T12:39:45 IST" skipped="0">
  <testcase classname="acd.TestScript" name="basicDetail" time="248.013"/>
  <system-out/>
  <testcase classname="acd.TestScript" name="addReport" time="80.379"/>
  <system-out/>
  <testcase classname="acd.TestScript" name="docUpload" time="365.590"/>
  <system-out/>
  <testcase classname="acd.TestScript" name="FileInfo" time="158.685"/>
  <system-out/>
  <testcase classname="acd.TestScript" name="Actions" time="280.800"/>
  <system-out/>
  <testcase classname="acd.TestScript" name="ACDQuicklinks" time="334.360"/>
  <system-out/>
  <testcase classname="acd.TestScript" name="SearchRequest" time="570.912"/>
  <system-out/>
  <testcase classname="acd.TestScript" name="OfflineReports" time="242.993"/>
  <system-out/>
  <testcase classname="acd.TestScript" name="FileAdjud_FCRA" time="307.675"/>
  <system-out/>
</testsuite> <!-- acd.TestScript -->
